Found existing installation: transformers 4.38.1
Uninstalling transformers-4.38.1:
  Would remove:
    /private/home/beidic/.conda/envs/griffin/bin/transformers-cli
    /private/home/beidic/.conda/envs/griffin/lib/python3.12/site-packages/transformers-4.38.1.dist-info/*
    /private/home/beidic/.conda/envs/griffin/lib/python3.12/site-packages/transformers/*
Proceed (Y/n)? Looking in indexes: https://pypi.org/simple, http://webservice
Obtaining file:///private/home/beidic/yang/transformersprofiling
  Installing build dependencies: started
  Installing build dependencies: finished with status 'done'
  Checking if build backend supports build_editable: started
  Checking if build backend supports build_editable: finished with status 'done'
  Getting requirements to build editable: started
  Getting requirements to build editable: finished with status 'done'
  Preparing editable metadata (pyproject.toml): started
  Preparing editable metadata (pyproject.toml): finished with status 'done'
Requirement already satisfied: filelock in /private/home/beidic/.conda/envs/griffin/lib/python3.12/site-packages (from transformers==4.36.0.dev0) (3.13.1)
Requirement already satisfied: huggingface-hub<1.0,>=0.19.3 in /private/home/beidic/.conda/envs/griffin/lib/python3.12/site-packages (from transformers==4.36.0.dev0) (0.23.0)
Requirement already satisfied: numpy>=1.17 in /private/home/beidic/.conda/envs/griffin/lib/python3.12/site-packages (from transformers==4.36.0.dev0) (1.26.3)
Requirement already satisfied: packaging>=20.0 in /private/home/beidic/.conda/envs/griffin/lib/python3.12/site-packages (from transformers==4.36.0.dev0) (23.2)
Requirement already satisfied: pyyaml>=5.1 in /private/home/beidic/.conda/envs/griffin/lib/python3.12/site-packages (from transformers==4.36.0.dev0) (6.0.1)
Requirement already satisfied: regex!=2019.12.17 in /private/home/beidic/.conda/envs/griffin/lib/python3.12/site-packages (from transformers==4.36.0.dev0) (2023.12.25)
Requirement already satisfied: requests in /private/home/beidic/.conda/envs/griffin/lib/python3.12/site-packages (from transformers==4.36.0.dev0) (2.31.0)
Requirement already satisfied: tokenizers<0.19,>=0.14 in /private/home/beidic/.conda/envs/griffin/lib/python3.12/site-packages (from transformers==4.36.0.dev0) (0.15.1)
Requirement already satisfied: safetensors>=0.3.1 in /private/home/beidic/.conda/envs/griffin/lib/python3.12/site-packages (from transformers==4.36.0.dev0) (0.4.2)
Requirement already satisfied: tqdm>=4.27 in /private/home/beidic/.conda/envs/griffin/lib/python3.12/site-packages (from transformers==4.36.0.dev0) (4.66.1)
Requirement already satisfied: fsspec>=2023.5.0 in /private/home/beidic/.conda/envs/griffin/lib/python3.12/site-packages (from huggingface-hub<1.0,>=0.19.3->transformers==4.36.0.dev0) (2023.6.0)
Requirement already satisfied: typing-extensions>=3.7.4.3 in /private/home/beidic/.conda/envs/griffin/lib/python3.12/site-packages (from huggingface-hub<1.0,>=0.19.3->transformers==4.36.0.dev0) (4.9.0)
Requirement already satisfied: charset-normalizer<4,>=2 in /private/home/beidic/.conda/envs/griffin/lib/python3.12/site-packages (from requests->transformers==4.36.0.dev0) (2.0.4)
Requirement already satisfied: idna<4,>=2.5 in /private/home/beidic/.conda/envs/griffin/lib/python3.12/site-packages (from requests->transformers==4.36.0.dev0) (3.4)
Requirement already satisfied: urllib3<3,>=1.21.1 in /private/home/beidic/.conda/envs/griffin/lib/python3.12/site-packages (from requests->transformers==4.36.0.dev0) (1.26.18)
Requirement already satisfied: certifi>=2017.4.17 in /private/home/beidic/.conda/envs/griffin/lib/python3.12/site-packages (from requests->transformers==4.36.0.dev0) (2024.2.2)
Building wheels for collected packages: transformers
  Building editable for transformers (pyproject.toml): started
  Building editable for transformers (pyproject.toml): finished with status 'done'
  Created wheel for transformers: filename=transformers-4.36.0.dev0-0.editable-py3-none-any.whl size=40490 sha256=d5b90358d32ae5e493e8ab334f9175df9abc78c75ec7f0bbf6c26b85206ef131
  Stored in directory: /tmp/pip-ephem-wheel-cache-otuv_ru7/wheels/a3/7a/0c/86b50246ef9863f01766a4950d45dc7a439770307013631817
Successfully built transformers
Installing collected packages: transformers
  Attempting uninstall: transformers
    Found existing installation: transformers 4.38.1
    Uninstalling transformers-4.38.1:
      Successfully uninstalled transformers-4.38.1
Successfully installed transformers-4.36.0.dev0
Already up to date.
Looking in indexes: https://pypi.org/simple, http://webservice
Requirement already satisfied: termcolor in /private/home/beidic/.conda/envs/griffin/lib/python3.12/site-packages (2.4.0)
Looking in indexes: https://pypi.org/simple, http://webservice
Requirement already satisfied: wandb in /private/home/beidic/.conda/envs/griffin/lib/python3.12/site-packages (0.16.3)
Requirement already satisfied: Click!=8.0.0,>=7.1 in /private/home/beidic/.conda/envs/griffin/lib/python3.12/site-packages (from wandb) (8.1.7)
Requirement already satisfied: GitPython!=3.1.29,>=1.0.0 in /private/home/beidic/.conda/envs/griffin/lib/python3.12/site-packages (from wandb) (3.1.42)
Requirement already satisfied: requests<3,>=2.0.0 in /private/home/beidic/.conda/envs/griffin/lib/python3.12/site-packages (from wandb) (2.31.0)
Requirement already satisfied: psutil>=5.0.0 in /private/home/beidic/.conda/envs/griffin/lib/python3.12/site-packages (from wandb) (5.9.8)
Requirement already satisfied: sentry-sdk>=1.0.0 in /private/home/beidic/.conda/envs/griffin/lib/python3.12/site-packages (from wandb) (1.40.6)
Requirement already satisfied: docker-pycreds>=0.4.0 in /private/home/beidic/.conda/envs/griffin/lib/python3.12/site-packages (from wandb) (0.4.0)
Requirement already satisfied: PyYAML in /private/home/beidic/.conda/envs/griffin/lib/python3.12/site-packages (from wandb) (6.0.1)
Requirement already satisfied: setproctitle in /private/home/beidic/.conda/envs/griffin/lib/python3.12/site-packages (from wandb) (1.3.3)
Requirement already satisfied: setuptools in /private/home/beidic/.conda/envs/griffin/lib/python3.12/site-packages (from wandb) (68.2.2)
Requirement already satisfied: appdirs>=1.4.3 in /private/home/beidic/.conda/envs/griffin/lib/python3.12/site-packages (from wandb) (1.4.4)
Requirement already satisfied: protobuf!=4.21.0,<5,>=3.19.0 in /private/home/beidic/.conda/envs/griffin/lib/python3.12/site-packages (from wandb) (4.25.2)
Requirement already satisfied: six>=1.4.0 in /private/home/beidic/.conda/envs/griffin/lib/python3.12/site-packages (from docker-pycreds>=0.4.0->wandb) (1.16.0)
Requirement already satisfied: gitdb<5,>=4.0.1 in /private/home/beidic/.conda/envs/griffin/lib/python3.12/site-packages (from GitPython!=3.1.29,>=1.0.0->wandb) (4.0.11)
Requirement already satisfied: charset-normalizer<4,>=2 in /private/home/beidic/.conda/envs/griffin/lib/python3.12/site-packages (from requests<3,>=2.0.0->wandb) (2.0.4)
Requirement already satisfied: idna<4,>=2.5 in /private/home/beidic/.conda/envs/griffin/lib/python3.12/site-packages (from requests<3,>=2.0.0->wandb) (3.4)
Requirement already satisfied: urllib3<3,>=1.21.1 in /private/home/beidic/.conda/envs/griffin/lib/python3.12/site-packages (from requests<3,>=2.0.0->wandb) (1.26.18)
Requirement already satisfied: certifi>=2017.4.17 in /private/home/beidic/.conda/envs/griffin/lib/python3.12/site-packages (from requests<3,>=2.0.0->wandb) (2024.2.2)
Requirement already satisfied: smmap<6,>=3.0.1 in /private/home/beidic/.conda/envs/griffin/lib/python3.12/site-packages (from gitdb<5,>=4.0.1->GitPython!=3.1.29,>=1.0.0->wandb) (5.0.1)
Looking in indexes: https://pypi.org/simple, http://webservice
Requirement already satisfied: huggingface_hub[cli] in /private/home/beidic/.conda/envs/griffin/lib/python3.12/site-packages (0.23.0)
Requirement already satisfied: filelock in /private/home/beidic/.conda/envs/griffin/lib/python3.12/site-packages (from huggingface_hub[cli]) (3.13.1)
Requirement already satisfied: fsspec>=2023.5.0 in /private/home/beidic/.conda/envs/griffin/lib/python3.12/site-packages (from huggingface_hub[cli]) (2023.6.0)
Requirement already satisfied: packaging>=20.9 in /private/home/beidic/.conda/envs/griffin/lib/python3.12/site-packages (from huggingface_hub[cli]) (23.2)
Requirement already satisfied: pyyaml>=5.1 in /private/home/beidic/.conda/envs/griffin/lib/python3.12/site-packages (from huggingface_hub[cli]) (6.0.1)
Requirement already satisfied: requests in /private/home/beidic/.conda/envs/griffin/lib/python3.12/site-packages (from huggingface_hub[cli]) (2.31.0)
Requirement already satisfied: tqdm>=4.42.1 in /private/home/beidic/.conda/envs/griffin/lib/python3.12/site-packages (from huggingface_hub[cli]) (4.66.1)
Requirement already satisfied: typing-extensions>=3.7.4.3 in /private/home/beidic/.conda/envs/griffin/lib/python3.12/site-packages (from huggingface_hub[cli]) (4.9.0)
Requirement already satisfied: InquirerPy==0.3.4 in /private/home/beidic/.conda/envs/griffin/lib/python3.12/site-packages (from huggingface_hub[cli]) (0.3.4)
Requirement already satisfied: pfzy<0.4.0,>=0.3.1 in /private/home/beidic/.conda/envs/griffin/lib/python3.12/site-packages (from InquirerPy==0.3.4->huggingface_hub[cli]) (0.3.4)
Requirement already satisfied: prompt-toolkit<4.0.0,>=3.0.1 in /private/home/beidic/.conda/envs/griffin/lib/python3.12/site-packages (from InquirerPy==0.3.4->huggingface_hub[cli]) (3.0.43)
Requirement already satisfied: charset-normalizer<4,>=2 in /private/home/beidic/.conda/envs/griffin/lib/python3.12/site-packages (from requests->huggingface_hub[cli]) (2.0.4)
Requirement already satisfied: idna<4,>=2.5 in /private/home/beidic/.conda/envs/griffin/lib/python3.12/site-packages (from requests->huggingface_hub[cli]) (3.4)
Requirement already satisfied: urllib3<3,>=1.21.1 in /private/home/beidic/.conda/envs/griffin/lib/python3.12/site-packages (from requests->huggingface_hub[cli]) (1.26.18)
Requirement already satisfied: certifi>=2017.4.17 in /private/home/beidic/.conda/envs/griffin/lib/python3.12/site-packages (from requests->huggingface_hub[cli]) (2024.2.2)
Requirement already satisfied: wcwidth in /private/home/beidic/.conda/envs/griffin/lib/python3.12/site-packages (from prompt-toolkit<4.0.0,>=3.0.1->InquirerPy==0.3.4->huggingface_hub[cli]) (0.2.13)
Looking in indexes: https://pypi.org/simple, http://webservice
Requirement already satisfied: matplotlib in /private/home/beidic/.conda/envs/griffin/lib/python3.12/site-packages (3.8.0)
Requirement already satisfied: contourpy>=1.0.1 in /private/home/beidic/.conda/envs/griffin/lib/python3.12/site-packages (from matplotlib) (1.2.0)
Requirement already satisfied: cycler>=0.10 in /private/home/beidic/.conda/envs/griffin/lib/python3.12/site-packages (from matplotlib) (0.11.0)
Requirement already satisfied: fonttools>=4.22.0 in /private/home/beidic/.conda/envs/griffin/lib/python3.12/site-packages (from matplotlib) (4.25.0)
Requirement already satisfied: kiwisolver>=1.0.1 in /private/home/beidic/.conda/envs/griffin/lib/python3.12/site-packages (from matplotlib) (1.4.4)
Requirement already satisfied: numpy<2,>=1.21 in /private/home/beidic/.conda/envs/griffin/lib/python3.12/site-packages (from matplotlib) (1.26.3)
Requirement already satisfied: packaging>=20.0 in /private/home/beidic/.conda/envs/griffin/lib/python3.12/site-packages (from matplotlib) (23.2)
Requirement already satisfied: pillow>=6.2.0 in /private/home/beidic/.conda/envs/griffin/lib/python3.12/site-packages (from matplotlib) (10.0.1)
Requirement already satisfied: pyparsing>=2.3.1 in /private/home/beidic/.conda/envs/griffin/lib/python3.12/site-packages (from matplotlib) (3.0.9)
Requirement already satisfied: python-dateutil>=2.7 in /private/home/beidic/.conda/envs/griffin/lib/python3.12/site-packages (from matplotlib) (2.8.2)
Requirement already satisfied: six>=1.5 in /private/home/beidic/.conda/envs/griffin/lib/python3.12/site-packages (from python-dateutil>=2.7->matplotlib) (1.16.0)
Looking in indexes: https://pypi.org/simple, http://webservice
Requirement already satisfied: langdetect in /private/home/beidic/.conda/envs/griffin/lib/python3.12/site-packages (1.0.9)
Requirement already satisfied: six in /private/home/beidic/.conda/envs/griffin/lib/python3.12/site-packages (from langdetect) (1.16.0)
Looking in indexes: https://pypi.org/simple, http://webservice
Requirement already satisfied: immutabledict in /private/home/beidic/.conda/envs/griffin/lib/python3.12/site-packages (4.2.0)
Looking in indexes: https://pypi.org/simple, http://webservice
Requirement already satisfied: sentencepiece in /private/home/beidic/.conda/envs/griffin/lib/python3.12/site-packages (0.1.99)
/private/home/beidic/.conda/envs/griffin/bin/python
/private/home/beidic/.conda/envs/griffin/bin/python
[1m[31mERROR! `huggingface-cli login` uses an outdated login mechanism that is not compatible with the Hugging Face Hub backend anymore. Please use `huggingface-cli login instead.[0m
The token has not been saved to the git credentials helper. Pass `add_to_git_credential=True` in this function directly or `--add-to-git-credential` if using via `huggingface-cli` if you want to set the git credential as well.
Token is valid (permission: read).
Your token has been saved to /private/home/beidic/.cache/huggingface/token
Login successful
